[   0.000000] Initlizi croupubys cpuset
[    0.000000] Initializing cgroup subsys cpu
[    0.000000] Initializing cgroup subsys cpuacct
[    0.000000] Linux version 4.-31-generic (buildd@lgw01-16) (gcc vsin 5.3.1 20160413 (untu.31-14ubuntu2.1) #0-Ubuntu SMP Wed Jul 13 00:07:12 UTC 2016 (Ubuntu 4.0-31.50-generic 4.4.13)
[    0.000000] Command ne BOOT_IMAGE=/bt/mlinuz-4.4.0-31-generic root=LABEL=cloudimg-rootfs ro onsole=tty1 console=ttyS
[    0.000000] KERNEL supported cpus:
[    0.000000]   Intel GenuineIntel
[    00000]   AMD AuthtiAMD
[    0.000000]   Centaur CentaurHauls
[    0.000000] x86/fpu: Legacy87FPU detected.
[    0.0000] 86/fpu: Using 'lazy'FPU context switches.
[    0.000000] 20 BIOS-provided physical RAM p:
[    0.000000] BIOS-e820: [mem x0000000000000000-0x000000000009fbff] usable
[    0.000000] BIOS-e820: [mem 0x000000000009fc00-0000000009ffff] reserved
    0.000000] BIOS-e820: [mem 0x0000000000f0000-0x00000000000fffff] reseed
  0.000000] BIOS-e820: [mem 0x0000000000100000-0x000000003ffeffff] usable
[    0.000000] BIOS-e820: [mem 0x000003fff0000-0x000000003fffff ACPI data
[    0.000000] BIOS-e820: [m 000000000fffc0000-0x00000000ffffffff] reserved
[  0.00000] NX (Execute Disable) protection: active
[    0.000000] SMBIOS 2.5 present.
[    0.000000] Hypervisor detected: M
[  .0000]e820: last_pfn = 0x3fff0 max_arch_pfn = 0x0000000
[    0.000000] x86/PAT: Configuration [0-7]: WB  WC  UC- UC  WB  WC  UC- WT  
[    0.000] MTRR: Disabled
[    0.00000 CPU MTRRs all blank - viralzed system.
[    0.000000] found SMP -tble at [mem 0x0009fff0-0x0009ffff] mapped at [ffff88000009fff0]
[    0.000000] Scanning 1 areas for low memory corruption
[    0.000000] RAMDISK: [mem 0x371b6000-0x378d2fff]
[  .000000] ACPI: Early table checksum verification disabled
[  .000000] ACPI: RSDP 0x00000000000E0000 002 (v02 VBOX  )
[    0.000000] ACPI: XSDT 0x000000003FFF0030 00003C (v01 VBOX   VBOXXSDT 00000001 ASL  00000061)
[    0.000000] ACPI: FACP 0x000000003FFF00F0 0000 (v04 VBOX  VBOXFACP 00000001 ASL  00000061)
[    0.00000 API: DSDT 0x000000003FFF0470 002118 (v01 VBOX   VBOXBIOS 00000002INTL 20160108)
[    0.000000] ACPI: FACS 0x00000000FF0200 000040
[    0.000000] PI: CS0x000000003FFF0200 000040
[    0.000000] ACI: AC 0x000003FFF0240 00005C (v02 VBOX   VBOXAPIC 00000001 ASL  00000061)
[    0.000000] ACPI: DT0x000000003FFF02A0 0001CC (v01 VBOX   VBOXCPUT 00000002 INTL 20160108)
[    0.000000] No NUMA configurationoud
[  0.000000] aking a ode  [mem 0x0000000000000000-0x000000003ffeffff]
[    0.000000] NODE_DATA(0) alloted [mem 0x3ffeb000-0x3ffeffff]
[    0.000000] kvm-clock: Using msrs 4b564d01 and 4b564d00
[    0.000000] kvm-clock: cpu 0, msr 0:3ffe7001, primary cpu clock
[   0.00000] kvm-clock: using sched offset of 3135830233 cycles
[    0.000000] closorce: kvm-clock: mask: 0xffffffffffffff max_cles: 0x1cd42e4dffb, max_idle_ns:881590591483 ns
[    0.000000] Zone ranges:
[   .000000]   DMA      [mem 0x0000000000001000-0x0000000000ffffff]
[    0.000000]   DMA32    [mem 0x0000000001000000-0x0000003ffeffff]
[   .000000]   Normal   empty
[    .000000]   Device   empty
[    0.000000] Movable zone startoreach node
[    0.000000] rl memornode ranges
[    0.00000]   nde   0: [mem 0x0000000000001000-0x000000000009efff
[   0.000000]   ne   0: [em 0x0000000000100000-0x000000003ffeffff]
[    0.00000] Initmem setup node 0 [mem 0x0000000000001000-0x000000003ffeffff]
[    0.000000] PI PM-Timer IO Port: 0008
[    .000000] IOAPIC[0]: apic_i2, version 17, addss0xfec00000, GSI 0-23
[    000000] ACPI: INT_SRC_OVR (bus 0 bus_irq 0 global_irq 2 dfl dfl
[   0.000000] ACPI: INT_SRC_OVR (bus 0 bus_irq 9 global_irq 9 high level)
[    0.000000] Using ACPI (MADT) for SMP configuration information
[    0.000000] smpboot: Allowing 2 CPUs, 0 hotplug CPUs    0.0000] PM: Registerednosave memory: [mem 0x0000000x00000fff]
[    0.000000] PM: Registered nosave memory: [mem 0x0009f000-0x09fff]
[   0.000000] PM: Registered nosve memory: [mem 0x000a0000-0x000effff]
[    0.000000] PM: Registered nosavmeory: [mem 0x00000-0x000fffff]
[    .000000] e20: [mem 0x40000000-0xfffbffff] available for PCI devices
[    0.000000] Booting paravirtualied kernel n KVM
[    0.000000 clocksource: refined-jiffies: mask: 0xffffffff max_cycles: ffffff mx_lens: 4519021568s
[    0.000000] setup_pepu NR_CPUS:256 nr_cpask_bits:256 nr_cpu_ids:2 nr_node_ids:1    0.000000] PERCPU: Embedded 33 paes/cpu @fff88003fc00000 s98008 r8192 d28968 u1048576
[    0.000000] PV qspinlock hash table entes 256 (orer: 0, 496 bytes)
[    0.000000] Built 1 zonelists in Node order, mobility grouping on.  Totapaes: 257913
[    0.000000] Polic zone: DMA32
[    0.000000] Kernel commd line: BOOT_IMAGE=/boot/vmlinuz-4.4.0-31-generic root=LABEL=cloudimg-rootfso onletty1 console=ttyS0
[    0.000000] PID hash table entries: 4096 (order: 3, 32768 bytes)
[    000000] Memory: 1005356K/1048120K available (8393K kernel code, 1282K rwta 3940K rodata, 1480K init, 1292K bss, 42764K reserve 0K cma-reserved)
[    0.000000] SLUB: HWlign=64, Order=0-3, MinObjects=0, CPUs=2, Node1
[  .000000] Hierahial RCU implementation.
[    0.000000] 	Build-time adjustment of leaf fanout to 64.
[    0.000000] 	RCU restricting CPUs from NR_CPUS=256 to nr_c_ids=2.
[    0.00000] RCU: Adjustin geometry for rcu_fanout_leaf=64, nr_cpu_ids=2
[    0.000000] NR_QS:166 nr_irqs:440 16
[    0.000000] Console: colou VGA+ 80x25
[    0.000000] console [t1] enabled
[    0.000000] csoe [ttyS0] enabled
[    0.000000] tsc: Detected 2260.270 MHz processor
[   29.835236] Calibrating delay loop (skipped) preset value.. 4520.54 BogoMIPS (lpj=9041080)
[   30.087896] pid_max: default: 32768 minimum: 301
[   30.231010] ACPI: Core revision 20150930
[   30.352254] ACPI: 2 ACPI AML tables successfully acquired and loaded
[   30.540959] Security Framework initialized
[   30.670133] Yama: becoming mindful.
[   30.777076] AppArmor: AppArmor initialized
[   30.906202] Dentry cache hash table entries: 131072 (order: 8, 1048576 bytes)
[   31.124801] Inode-cache hash table entries: 65536 (order: 7, 524288 bytes)
[   31.339976] Mount-cache hash table entries: 2048 (order: 2, 16384 bytes)
[   31.547555] Mountpoint-cache hash table entries: 2048 (order: 2, 16384 bytes)
[   31.770240] Initializing cgroup subsys io
[   31.892840] Initializing cgroup subsys memory
[   32.027089] Initializing cgroup subsys devices
[   32.165359] Initializing cgroup subsys freezer
[   32.307190] Initializing cgroup subsys net_cls
[   32.443847] Initializing cgroup subsys perf_event
[   32.585545] Initializing cgroup subsys net_prio
[   32.723447] Initializing cgroup subsys hugetlb
[   32.862616] Initializing cgroup subsys pids
[   32.989105] CPU: Physical Processor ID: 0
[   33.116682] CPU: Processor Core ID: 0
[   33.227315] mce: CPU supports 0 MCE banks
[   33.350745] Last level iTLB entries: 4KB 512, 2MB 7, 4MB 7
[   33.523800] Last level dTLB entries: 4KB 512, 2MB 32, 4MB 32, 1GB 0
[   33.717746] Freeing SMP alternatives memory: 28K (ffffffff820b4000 - ffffffff820bb000)
[   33.980262] ftrace: allocating 31994 entries in 125 pages
[   34.204283] smpboot: Max logical packages: 1
[   34.342623] smpboot: APIC(0) Converting physical 0 to logical package 0
[   34.550871] ..TIMER: vector=0x30 apic1=0 pin1=2 apic2=-1 pin2=-1
[   34.846752] smpboot: CPU0: Intel(R) Xeon(R) CPU           E5520  @ 2.27GHz (family: 0x6, model: 0x1a, stepping: 0x5)
[   35.167063] Performance Events: unsupported p6 CPU model 26 no PMU driver, software events only.
[   35.442528] KVM setup paravirtual spinlock
[   35.570299] x86: Booting SMP configuration:
[   35.695178] .... node  #0, CPUs:      #1
[   35.807722] kvm-clock: cpu 1, msr 0:3ffe7041, secondary cpu clock
[   36.116985] mce: CPU supports 0 MCE banks
[   36.329126] x86: Booted up 1 node, 2 CPUs
[   36.450755] smpboot: Total of 2 processors activated (9041.08 BogoMIPS)
[   36.657228] devtmpfs: initialized
[   36.760338] evm: security.selinux
[   36.859787] evm: security.SMACK64
[   36.958700] evm: security.SMACK64EXEC
[   37.068799] evm: security.SMACK64TRANSMUTE
[   37.194582] evm: security.SMACK64MMAP
[   37.303028] evm: security.ima
[   37.391685] evm: security.capability
[   37.507858] clocksource: jiffies: mask: 0xffffffff max_cycles: 0xffffffff, max_idle_ns: 7645041785100000 ns
[   37.812365] pinctrl core: initialized pinctrl subsystem
[   37.980271] RTC time:  0:49:08, date: 08/12/16
[   38.118532] NET: Registered protocol family 16
[   38.272370] cpuidle: using governor ladder
[   38.408473] cpuidle: using governor menu
[   38.527980] PCCT header not found.
[   38.631601] ACPI: bus type PCI registered
[   38.753493] acpiphp: ACPI Hot Plug PCI Controller Driver version: 0.5
[   38.957738] PCI: Using configuration type 1 for base access
[   39.142763] ACPI: Added _OSI(Module Device)
[   39.267719] ACPI: Added _OSI(Processor Device)
[   39.404500] ACPI: Added _OSI(3.0 _SCP Extensions)
[   39.545928] ACPI: Added _OSI(Processor Aggregator Device)
[   39.711067] ACPI: Executed 1 blocks of module-level executable AML code
[   39.910927] ACPI: Interpreter enabled
[   40.028568] ACPI Exception: AE_NOT_FOUND, While evaluating Sleep State [\_S1_] (20150930/hwxface-580)
[   40.309062] ACPI Exception: AE_NOT_FOUND, While evaluating Sleep State [\_S2_] (20150930/hwxface-580)
[   40.591300] ACPI Exception: AE_NOT_FOUND, While evaluating Sleep State [\_S3_] (20150930/hwxface-580)
[   40.869636] ACPI Exception: AE_NOT_FOUND, While evaluating Sleep State [\_S4_] (20150930/hwxface-580)
[   41.151914] ACPI: (supports S0 S5)
[   41.257456] ACPI: Using IOAPIC for interrupt routing
[   41.413833] PCI: Using host bridge windows from ACPI; if necessary, use "pci=nocrs" and report a bug
[   41.701233] ACPI: PCI Root Bridge [PCI0] (domain 0000 [bus 00-ff])
[   41.891172] acpi PNP0A03:00: _OSC: OS supports [ASPM ClockPM Segments MSI]
[   42.102338] acpi PNP0A03:00: _OSC failed (AE_NOT_FOUND); disabling ASPM
[   42.311223] acpi PNP0A03:00: fail to add MMCONFIG information, can't access extended PCI configuration space under this bridge.
[   42.668967] PCI host bridge to bus 0000:00
[   42.796195] pci_bus 0000:00: root bus resource [io  0x0000-0x0cf7 window]
[   43.004680] pci_bus 0000:00: root bus resource [io  0x0d00-0xffff window]
[   43.217513] pci_bus 0000:00: root bus resource [mem 0x000a0000-0x000bffff window]
[   43.455870] pci_bus 0000:00: root bus resource [mem 0x40000000-0xffdfffff window]
[   43.685530] pci_bus 0000:00: root bus resource [bus 00-ff]
[   43.865608] pci 0000:00:01.1: legacy IDE quirk: reg 0x10: [io  0x01f0-0x01f7]
[   44.083241] pci 0000:00:01.1: legacy IDE quirk: reg 0x14: [io  0x03f6]
[   44.289082] pci 0000:00:01.1: legacy IDE quirk: reg 0x18: [io  0x0170-0x0177]
[   44.508905] pci 0000:00:01.1: legacy IDE quirk: reg 0x1c: [io  0x0376]
[   44.752536] ACPI: PCI Interrupt Link [LNKA] (IRQs 5 9 10 11) *0, disabled.
[   44.940582] ACPI: PCI Interrupt Link [LNKB] (IRQs 5 9 10 *11)
[   45.109619] ACPI: PCI Interrupt Link [LNKC] (IRQs 5 9 *10 11)
[   45.268510] ACPI: PCI Interrupt Link [LNKD] (IRQs 5 *9 10 11)
[   45.428264] ACPI: Enabled 2 GPEs in block 00 to 07
[   45.566875] vgaarb: setting as boot device: PCI:0000:00:02.0
[   45.741761] vgaarb: device added: PCI:0000:00:02.0,decodes=io+mem,owns=io+mem,locks=none
[   46.003507] vgaarb: loaded
[   46.085630] vgaarb: bridge control possible 0000:00:02.0
[   46.249219] SCSI subsystem initialized
[   46.363897] ACPI: bus type USB registered
[   46.483650] usbcore: registered new interface driver usbfs
[   46.653488] usbcore: registered new interface driver hub
[   46.815755] usbcore: registered new device driver usb
[   46.973900] PCI: Using ACPI for IRQ routing
[   47.100537] NetLabel: Initializing
[   47.205109] NetLabel:  domain hash size = 128
[   47.335341] NetLabel:  protocols = UNLABELED CIPSOv4
[   47.491204] NetLabel:  unlabeled traffic allowed by default
[   47.660238] clocksource: Switched to clocksource kvm-clock
[   47.839950] AppArmor: AppmoFisyemnaed[ 48278]npPnAC it   47924pn P AI:ou 3eves
[   49.456740] clocksource: acpi_pm: mask: 0xffffff max_cycles: 0xffffff, max_idle_ns: 2085701024 ns
[   50.204876] NET: Registered protocol family 2
[   50.539531] TCP established hash table entries: 8192 (order: 4, 65536 bytes)
[   51.124841] TCP bind hash table entries: 8192 (order: 5, 131072 bytes)
[   51.679855] TCP: Hash tables configured (established 8192 bind 8192)
[   52.220102] UDP hash table entries: 512 (order: 2, 16384 bytes)
[   52.712220] UDP-Lite hash table entries: 512 (order: 2, 16384 bytes)
[   53.228576] NET: Registered protocol family 1
[   53.585665] pci 0000:00:00.0: Limiting direct PCI/PCI transfers
[   54.080804] pci 0000:00:01.0: Activating ISA DMA hang workarounds
[   54.587074] Trying to unpack rootfs image as initramfs...
[   56.554555] Freeing initrd memory: 7284K (ffff8800371b6000 - ffff8800378d3000)
[   56.784224] platform rtc_cmos: registered platform RTC device (no PNPeve un
  7.83] anngorowemy rruption every 60 seconds
[   57.998730] tsc: Refined TSC clocksource calibration: 2261.057 MHz
[   58.344140] clocksource: ts mk:xffffffff ax_cle 00910bamaid_n 479581 
ÿ[   58.344634] futex hash table entries: 512 (order: 3, 32768 bytes)
[   58.344666] audit: initializing netlink subsys (disabled)
[   58.344689] audit: type=2000 audit(1470962927.202:1): initialized
[   58.345006] Initialise system trusted keyring
[   58.345159] HugeTLB registered 2 MB page size, pre-allocated 0 pages
[   58.347138] zbud: loaded
[   58.347358] VFS: Disk quotas dquot_6.6.0
[   58.347398] VFS: Dquot-cache hash table entries: 512 (order 0, 4096 bytes)
[   58.347722] squashfs: version 4.0 (2009/01/31) Phillip Lougher
[   58.348007] fuse init (API version 7.23)
[   58.348175] Key type big_key registered
[   58.348195] Allocating IMA MOK and blacklist keyrings.
[   58.348517] Key type asymmetric registered
[   58.348527] Asymmetric key parser 'x509' registered
[   58.348573] Block layer SCSI generic (bsg) driver version 0.4 loaded (major 249)
[   58.348607] io scheduler noop registered
[   58.348608] io scheduler deadline registered (default)
[   58.348653] io scheduler cfq registered
[   58.348755] pci_hotplug: PCI Hot Plug PCI Core version: 0.5
[   58.348761] pciehp: PCI Express Hot Plug Controller Driver version: 0.4
[   58.348973] ACPI: AC Adapter [AC] (on-line)
[   58.349060] input: Power Button as /devices/LNXSYSTM:00/LNXPWRBN:00/input/input0
[   58.349064] ACPI: Power Button [PWRF]
[   58.349149] input: Sleep Button as /devices/LNXSYSTM:00/LNXSLPBN:00/input/input1
[   58.349152] ACPI: Sleep Button [SLPF]
[   58.349331] GHES: HEST is not enabled!
[   58.349431] Serial: 8250/16550 driver, 32 ports, IRQ sharing enabled
[   59.586566] 00:02: ttyS0 at I/O 0x3f8 (irq = 4, base_baud = 115200) is a 16550A
[   59.930633] Linux agpgart interface v0.103
[   60.818818] brd: module loaded
[   60.820133] loop: module loaded
[   60.820889] scsi host0: ata_piix
[   60.820974] scsi host1: ata_piix
[   60.821019] ata1: PATA max UDMA/33 cmd 0x1f0 ctl 0x3f6 bmdma 0xd000 irq 14
[   60.821020] ata2: PATA max UDMA/33 cmd 0x170 ctl 0x376 bmdma 0xd008 irq 15
[   60.821119] libphy: Fixed MDIO Bus: probed
[   60.821121] tun: Universal TUN/TAP device driver, 1.6
[   60.821122] tun: (C) 1999-2004 Max Krasnyansky <maxk@qualcomm.com>
[   60.821518] PPP generic driver version 2.4.2
[   60.821592] ehci_hcd: USB 2.0 'Enhanced' Host Controller (EHCI) Driver
[   60.821596] ehci-pci: EHCI PCI platform driver
[   60.821620] ehci-platform: EHCI generic platform driver
[   60.821629] ohci_hcd: USB 1.1 'Open' Host Controller (OHCI) Driver
[   60.821632] ohci-pci: OHCI PCI platform driver
[   60.821642] ohci-platform: OHCI generic platform driver
[   60.821650] uhci_hcd: USB Universal Host Controller Interface driver
[   60.821724] i8042: PNP: PS/2 Controller [PNP0303:PS2K,PNP0f03:PS2M] at 0x60,0x64 irq 1,12
[   60.949287] serio: i8042 KBD port at 0x60,0x64 irq 1
[   60.949296] serio: i8042 AUX port at 0x60,0x64 irq 12
[   60.949505] mousedev: PS/2 mouse device common for all mice
[   60.949907] rtc_cmos rtc_cmos: rtc core: registered rtc_cmos as rtc0
[   60.949981] rtc_cmos rtc_cmos: alarms up to one day, 114 bytes nvram
[   60.949991] i2c /dev entries driver
[   60.950070] device-mapper: uevent: version 1.0.3
[   60.950147] device-mapper: ioctl: 4.34.0-ioctl (2015-10-28) initialised: dm-devel@redhat.com
[   60.950167] ledtrig-cpu: registered to indicate activity on CPUs
[   60.950548] NET: Registered protocol family 10
[   60.950801] NET: Registered protocol family 17
[   60.950815] Key type dns_resolver registered
[   61.571746] microcode: CPU0 sig=0x106a5, pf=0x4, revision=0x616
[   61.571882] microcode: CPU1 sig=0x106a5, pf=0x4, revision=0x616
[   61.572036] microcode: Microcode Update Driver: v2.01 <tigran@aivazian.fsnet.co.uk>, Peter Oruba
[   61.572241] registered taskstats version 1
[   61.572262] Loading compiled-in X.509 certificates
[   61.573317] Loaded X.509 cert 'Build time autogenerated kernel key: cfb4d0870811f0d88a3f3259915bd8e83759f99c'
[   61.573348] zswap: loaded using pool lzo/zbud
[   61.575325] Key type trusted registered
[   61.578756] Key type encrypted registered
[   61.578762] AppArmor: AppArmor sha1 policy hashing enabled
[   61.578766] ima: No TPM chip found, activating TPM-bypass!
[   61.578792] evm: HMAC attrs: 0x1
[   61.579222]   Magic number: 12:696:809
[   61.778812] rtc_cmos rtc_cmos: setting system clock to 2016-08-12 00:49:31 UTC (1470962971)
[   61.779316] BIOS EDD facility v0.16 2004-Jun-25, 0 devices found
[   61.779317] EDD information not available.
[   62.532584] input: AT Translated Set 2 keyboard as /devices/platform/i8042/serio0/input/input2
[   73.347932] Freeing unused kernel memory: 1480K (ffffffff81f42000 - ffffffff820b4000)
[   74.032878] Write protecting the kernel read-only data: 14336k
[   74.454114] Freeing unused kernel memory: 1836K (ffff880001835000 - ffff880001a00000)
[   75.065183] Freeing unused kernel memory: 156K (ffff880001dd9000 - ffff880001e00000)
Loading, please [   75.708966] random: systemd-udevd urandom read with 6 bits of entropy available
wait...
startin[   75.984120] e1000: Intel(R) PRO/1000 Network Driver - version 7.3.21-k8-NAPI
g version 229
[   76.424967] e1000: Copyright (c) 1999-2006 Intel Corporation.
[   76.755310] Fusion MPT base driver 3.04.20
[   76.953494] Copyright (c) 1999-2008 LSI Corporation
[   77.206114] Fusion MPT SPI Host driver 3.04.20
[   77.390222] input: ImExPS/2 Generic Explorer Mouse as /devices/platform/i8042/serio1/input/input4
[   78.242716] e1000 0000:00:03.0 eth0: (PCI:33MHz:32-bit) 02:3e:55:8e:47:b6
[   78.453937] e1000 0000:00:03.0 eth0: Intel(R) PRO/1000 Network Connection
[   79.048196] e1000 0000:00:08.0 eth1: (PCI:33MHz:32-bit) 08:00:27:a3:bd:1e
[   79.686037] e1000 0000:00:08.0 eth1: Intel(R) PRO/1000 Network Connection
[   80.298053] mptbase: ioc0: Initiating bringup
[   80.299993] e1000 0000:00:03.0 enp0s3: renamed from eth0
[   80.602368] floppy0: no floppy controllers found
[   80.609155] e1000 0000:00:08.0 enp0s8: renamed from eth1
[   80.804598] ioc0: LSI53C1030 A0: Capabilities={Initiator}
[   81.087393] scsi host2: ioc0: LSI53C1030 A0, FwRev=00000000h, Ports=1, MaxQ=256, IRQ=20
[   81.829132] scsi 2:0:0:0: Direct-Access     VBOX     HARDDISK         1.0  PQ: 0 ANSI: 5
[   82.517883] scsi target2:0:0: Beginning Domain Validation
[   82.964112] scsi target2:0:0: Domain Validation skipping write tests
[   83.627545] scsi target2:0:0: Ending Domain Validation
[   84.188230] scsi target2:0:0: asynchronous
[   84.589986] scsi 2:0:1:0: Direct-Access     VBOX     HARDDISK         1.0  PQ: 0 ANSI: 5
[   85.458582] scsi target2:0:1: Beginning Domain Validation
[   85.982992] scsi target2:0:1: Domain Validation skipping write tests
[   86.505441] scsi target2:0:1: Ending Domain Validation
[   86.893287] scsi target2:0:1: asynchronous
[   87.301600] sd 2:0:0:0: Attached scsi generic sg0 type 0
[   87.301671] sd 2:0:0:0: [sda] 20971520 512-byte logical blocks: (10.7 GB/10.0 GiB)
[   87.302218] sd 2:0:0:0: [sda] Write Protect is off
[   87.302632] sd 2:0:0:0: [sda] Incomplete mode parameter data
[   87.302635] sd 2:0:0:0: [sda] Assuming drive cache: write through
[   87.740176]  sda: sda1
[   87.741151] sd 2:0:0:0: [sda] Attached SCSI disk
[   90.011062] sd 2:0:1:0: [sdb] 20480 512-byte logical blocks: (10.5 MB/10.0 MiB)
[   90.239881] sd 2:0:1:0: Attached scsi generic sg1 type 0
[   90.399360] sd 2:0:1:0: [sdb] Write Protect is off
[   91.268878] sd 2:0:1:0: [sdb] Incomplete mode parameter data
[   91.611855] sd 2:0:1:0: [sdb] Assuming drive cache: write through
[   92.187249] sd 2:0:1:0: [sdb] Attached SCSI disk
Begin: Loading e[   93.764946] md: linear personality registered for level -1
ssential drivers[   93.958685] md: multipath personality registered for level -4
 ... [   94.159782] md: raid0 personality registered for level 0
[   94.337820] md: raid1 personality registered for level 1
[   94.600250] raid6: sse2x1   gen()  6131 MB/s
[   94.800429] raid6: sse2x1   xor()  4831 MB/s
[   94.996357] raid6: sse2x2   gen()  6725 MB/s
[   95.192367] raid6: sse2x2   xor()  5725 MB/s
[   95.392281] raid6: sse2x4   gen()  8221 MB/s
[   95.588515] raid6: sse2x4   xor()  6160 MB/s
[   95.719592] raid6: using algorithm sse2x4 gen() 8221 MB/s
[   95.887841] raid6: .... xor() 6160 MB/s, rmw enabled
[   96.040952] raid6: using ssse3x2 recovery algorithm
[   96.194271] xor: measuring software checksum speed
[   96.752248]    prefetch64-sse: 23965.000 MB/sec
[   97.262316]    generic_sse: 21640.000 MB/sec
[   97.703196] xor: using function: prefetch64-sse (23965.000 MB/sec)
[   98.396850] async_tx: api initialized (async)
[   98.543733] md: raid6 personality registered for level 6
[   98.706749] md: raid5 personality registered for level 5
[   98.870728] md: raid4 personality registered for level 4
[   99.042670] md: raid10 personality registered for level 10
done.
Begin: Running /scripts/init-p[   99.514980] Btrfs loaded
remount ... done.
Begin: Mounting root file sys[   99.666253] EXT4-fs (sda1): mounted filesystem with ordered data mode. Opts: (null)
tem ... Begin: Running /scripts/local-top ... done.
Begin: Running /scripts/local-premount ... Scanning for Btrfs filesystems
done.
Warning: fsck not present, so skipping root file system
done.
Begin: Running /scripts/local-bottom ... done.
Begin: Running /scripts/init-bottom ... Warning: overlayroot: debug is busted
done.
[  100.688609] systemd[1]: systemd 229 running in system mode. (+PAM +AUDIT +SELINUX +IMA +APPARMOR +SMACK +SYSVINIT +UTMP +LIBCRYPTSETUP +GCRYPT +GNUTLS +ACL +XZ -LZ4 +SECCOMP +BLKID +ELFUTILS +KMOD -IDN)
[  102.305902] systemd[1]: Detected virtualization oracle.
[  102.805134] systemd[1]: Detected architecture x86-64.

Welcome to [1mUbuntu 16.04.1 LTS[0m!

[  103.233165] systemd[1]: Set hostname to <ubuntu>.
[  103.614980] systemd[1]: Initializing machine ID from random generator.
[  104.185708] systemd[1]: Installed transient /etc/machine-id file.
[  104.666466] random: nonblocking pool is initialized
[  105.210333] systemd[1]: Reached target Swap.
[[0;32m  OK  [0m] Reached target Swap.
[  105.664824] systemd[1]: Listening on LVM2 metadata daemon socket.
[[0;32m  OK  [0m] Listening on LVM2 metadata daemon socket.
[  106.265277] systemd[1]: Created slice User and Session Slice.
[[0;32m  OK  [0m] Created slice User and Session Slice.
[  106.901024] systemd[1]: Listening on Journal Socket (/dev/log).
[[0;32m  OK  [0m] Listening on Journal Socket (/dev/log).
[  107.483859] systemd[1]: Reached target Encrypted Volumes.
[[0;32m  OK  [0m] Reached target Encrypted Volumes.
[  108.081220] systemd[1]: Created slice System Slice.
[[0;32m  OK  [0m] Created slice System Slice.
[  108.565691] systemd[1]: Reached target User and Group Name Lookups.
[[0;32m  OK  [0m] Reached target User and Group Name Lookups.
[  109.220802] systemd[1]: Listening on Journal Audit Socket.
[[0;32m  OK  [0m] Listening on Journal Audit Socket.
[  109.856683] systemd[1]: Listening on udev Kernel Socket.
[[0;32m  OK  [0m] Listening on udev Kernel Socket.
[  110.496588] systemd[1]: Reached target Slices.
[[0;32m  OK  [0m] Reached target Slices.
[  111.024860] systemd[1]: Set up automount Arbitrary Executable File Formats File System Automount Point.
[[0;32m  OK  [0m] Set up automount Arbitrary Executab...ats File System Automount Point.
[  112.068708] systemd[1]: Listening on /dev/initctl Compatibility Named Pipe.
[[0;32m  OK  [0m] Listening on /dev/initctl Compatibility Named Pipe.
[  112.856816] systemd[1]: Listening on Device-mapper event daemon FIFOs.
[[0;32m  OK  [0m] Listening on Device-mapper event daemon FIFOs.
[  113.616805] systemd[1]: Started Forward Password Requests to Wall Directory Watch.
[[0;32m  OK  [0m] Started Forward Password Requests to Wall Directory Watch.
[  114.332827] systemd[1]: Listening on Journal Socket.
[[0;32m  OK  [0m] Listening on Journal Socket.
[  114.896571] systemd[1]: Starting Uncomplicated firewall...
         Starting Uncomplicated firewall...
[  115.512604] systemd[1]: Starting Remount Root and Kernel File Systems...
[  115.517569] EXT4-fs (sda1): re-mounted. Opts: (null)
         Starting Remount Root and Kernel File Systems...
[  116.528654] systemd[1]: Starting Set console keymap...
         Starting Set console keymap...
[  117.120547] systemd[1]: Starting Nameserver information manager...
         Starting Nameserver information manager...
[  117.728608] systemd[1]: Mounting POSIX Message Queue File System...
         Mounting POSIX Message Queue File System...
[  118.460554] systemd[1]: Mounting Huge Pages File System...
         Mounting Huge Pages File System...
[  119.092681] systemd[1]: Starting Monitoring of LVM2 mirrors, snapshots etc. using dmeventd or progress polling...
         Starting Monitoring of LVM2 mirrors... dmeventd or progress polling...
[  119.932559] systemd[1]: Mounting Debug File System...
         Mounting Debug File System...
[  120.461278] systemd[1]: Created slice system-serial\x2dgetty.slice.
[[0;32m  OK  [0m] Created slice system-serial\x2dgetty.slice.
[  121.076661] systemd[1]: Starting Create list of required static device nodes for the current kernel...
         Starting Create list of required st... nodes for the current kernel...
[  122.080740] systemd[1]: Listening on udev Control Socket.
[[0;32m  OK  [0m] Listening on udev Control Socket.
[  122.692578] systemd[1]: Listening on Syslog Socket.
[[0;32m  OK  [0m] Listening on Syslog Socket.
[  123.208679] systemd[1]: Starting Journal Service...
         Starting Journal Service...
[  123.668602] systemd[1]: Starting Load Kernel Modules...
[  123.893729] Loading iSCSI transport class v2.0-870.
         Startin[  124.171455] iscsi: registered transport (tcp)
g Load Kernel Modules...
[  124.343161] iscsi: registered transport (iser)
[  124.969068] systemd[1]: Listening on LVM2 poll daemon socket.
[[0;32m  OK  [0m] Listening on LVM2 poll daemon socket.
[  125.237574] systemd[1]: Mounted POSIX Message Queue File System.
[[0;32m  OK  [0m] Mounted POSIX Message Queue File System.
[  125.828630] systemd[1]: Mounted Huge Pages File System.
[[0;32m  OK  [0m] Mounted Huge Pages File System.
[  126.436660] systemd[1]: Mounted Debug File System.
[[0;32m  OK  [0m] Mounted Debug File System.
[  126.980420] systemd[1]: Started Journal Service.
[[0;32m  OK  [0m] Started Journal Service.
[[0;32m  OK  [0m] Started Uncomplicated firewall.
[[0;32m  OK  [0m] Started Remount Root and Kernel File Systems.
[[0;32m  OK  [0m] Started Set console keymap.
[[0;32m  OK  [0m] Started Create list of required sta...ce nodes for the current kernel.
[[0;32m  OK  [0m] Started Load Kernel Modules.
[[0;32m  OK  [0m] Started Nameserver information manager.
[[0;32m  OK  [0m] Started LVM2 metadata daemon.
         Starting Apply Kernel Variables...
         Mounting FUSE Control File System...
         Starting Create Static Device Nodes in /dev...
         Starting udev Coldplug all Devices...
         Starting Load/Save Random Seed...
         Starting Flush Journal to Persistent Storage...
[[0;32m  OK  [0m] Mounted FUSE Control File System.
[[0;32m  OK  [0m] Started Monitoring of LVM2 mirrors,...ng dmeventd or progress polling.
[[0;32m  OK  [0m] Started Apply Kernel Variables.
[[0;32m  OK  [0m] Started Create Static Device Nodes in /dev.
[[0;32m  OK  [0m] Started Load/Save Random Seed.
[[0;32m  OK  [0m] Started udev Coldplug all Devices.
[[0;32m  OK  [0m] Started Flush Journal to Persistent Storage.
         Starting udev Kernel Device Manager...
[[0;32m  OK  [0m] Started udev Kernel Device Manager.
[[0;32m  OK  [0m] Reached target Local File Systems (Pre).
[[0;32m  OK  [0m] Reached target Local File Systems.
         Starting Create Volatile Files and Directories...
         Starting Initial cloud-init job (pre-networking)...
         Starting Set console font and keymap...
         Starting Commit a transient machine-id on disk...
         Starting LSB: AppArmor initialization...
         Starting Tell Plymouth To Write Out Runtime Data...
[[0;32m  OK  [0m] Started Dispatch Password Requests to Console Directory Watch.
[[0;32m  OK  [0m] Started Create Volatile Files and Directories.
[[0;32m  OK  [0m] Started Set console font and keymap.
[[0;32m  OK  [0m] Started Commit a transient machine-id on disk.
[[0;32m  OK  [0m] Started Tell Plymouth To Write Out Runtime Data.
[   85.106254] cloud-init[1677]: Cloud-init v. 0.7.7 running 'init-local' at Fri, 12 Aug 2016 00:50:41 +0000. Up 84.76 seconds.
[[0;32m  OK  [0m] Started Initial cloud-init job (pre-networking).
[[0;32m  OK  [0m] Found device /dev/ttyS0.
[[0;32m  OK  [0m] Listening on Load/Save RF Kill Switch Status /dev/rfkill Watch.
[[0;32m  OK  [0m] Reached target Network (Pre).
[[0;32m  OK  [0m] Created slice system-getty.slice.
         Starting Network Time Synchronization...
         Starting Update UTMP about System Boot/Shutdown...
[[0;32m  OK  [0m] Started Network Time Synchronization.
[[0;32m  OK  [0m] Started LSB: AppArmor initialization.
[[0;32m  OK  [0m] Started Update UTMP about System Boot/Shutdown.
         Starting Raise network interfaces...
[[0;32m  OK  [0m] Reached target System Time Synchronized.
[[0;32m  OK  [0m] Reached target System Initialization.
         Starting Socket activation for snappy daemon.
[[0;32m  OK  [0m] Listening on D-Bus System Message Bus Socket.
         Starting LXD - unix socket.
[[0;32m  OK  [0m] Started Daily Cleanup of Temporary Directories.
[[0;32m  OK  [0m] Started ACPI Events Check.
[[0;32m  OK  [0m] Started Timer to automatically refresh installed snaps.
[[0;32m  OK  [0m] Listening on UUID daemon activation socket.
[[0;32m  OK  [0m] Listening on ACPID Listen Socket.
[[0;32m  OK  [0m] Started Trigger resolvconf update for networkd DNS.
[[0;32m  OK  [0m] Reached target Paths.
[[0;32m  OK  [0m] Started Daily apt activities.
[[0;32m  OK  [0m] Reached target Timers.
[[0;32m  OK  [0m] Listening on Socket activation for snappy daemon.
[[0;32m  OK  [0m] Listening on LXD - unix socket.
[[0;32m  OK  [0m] Reached target Sockets.
[[0;32m  OK  [0m] Reached target Basic System.
[[0;32m  OK  [0m] Started FUSE filesystem for LXC.
         Starting LXD - container startup/shutdown...
[[0;32m  OK  [0m] Started Snappy daemon.
[[0;32m  OK  [0m] Started ACPI event daemon.
         Starting Login Service...
         Starting Accounts Service...
[[0;32m  OK  [0m] Started Deferred execution scheduler.
         Starting System Logging Service...
[[0;32m  OK  [0m] Started Regular background program processing daemon.
         Starting LSB: MD monitoring daemon...
[[0;32m  OK  [0m] Started D-Bus System Message Bus.
         Starting LSB: Record successful boot for GRUB...
[[0;32m  OK  [0m] Started System Logging Service.
[[0;32m  OK  [0m] Started LXD - container startup/shutdown.
[[0;32m  OK  [0m] Started Login Service.
[[0;32m  OK  [0m] Started LSB: MD monitoring daemon.
[[0;32m  OK  [0m] Started LSB: Record successful boot for GRUB.
         Starting Authenticate and Authorize Users to Run Privileged Tasks...
[[0;32m  OK  [0m] Started Authenticate and Authorize Users to Run Privileged Tasks.
[[0;32m  OK  [0m] Started Accounts Service.
[[0;32m  OK  [0m] Started Raise network interfaces.
         Starting Initial cloud-init job (metadata service crawler)...
[[0;32m  OK  [0m] Reached target Network.
[   91.587086] cloud-init[2033]: Cloud-init v. 0.7.7 running 'init' at Fri, 12 Aug 2016 00:50:47 +0000. Up 90.67 seconds.
[[0;32m  OK  [0m] Started Initial cloud-init job (metadata service crawler).
[   91.787256] cloud-init[2033]: ci-info: ++++++++++++++++++++++++++++++++++++++Net device info++++++++++++++++++++++++++++++++++++++
[[0;32m  OK  [0m] Reached target Cloud-config availability.
[[0;32m  OK  [0m] Reached target Network is Online.
[   92.056718] cloud-init[2033]: ci-info: +--------+-------+----------------------------+---------------+-------+-------------------+
         Starting /etc/rc.local Compatibility...
[   92.392736] cloud-init[2033]: ci-info: | Device |   Up  |          Address           |      Mask     | Scope |     Hw-Address    |
[   92.628622]          cloud-initStarting iSCSI initiator daemon (iscsid)...[2033]: 
ci-info: +--------+-------+----------------------------+---------------+-------+-------------------+
[   92.852429] cloud-init[2033]: ci-info: | enp0s3 |  True |         10.0.2.15          | 255.255.255.0 |   .   | 02:3e:55:8e:47:b6 |
         Starting Apply the settings specified in cloud-config...
[   93.026673] cloud-init[2033]: ci-info: | enp0s3 |  True | fe80::3e:55ff:fe8e:47b6/64 |       .       |  link | 02:3e:55:8e:47:b6 |
         Starting Seed the pseudo random number generator on first boot...
[[0;32m  OK  [0m] Started /etc/rc.local Compatibility.
[   93.363550] cloud-init[2033]: ci-info: | enp0s8 | False |             .              |       .       |   .   | 08:00:27:a3:bd:1e |
[   94.107551] [cloud-init[0;32m  OK  [0m[2033]: ] ci-info: |   lo   |  True |         127.0.0.1          |   255.0.0.0   |   .   |         .         |Started iSCSI initiator daemon (iscsid).

[   94.397496]          cloud-initStarting Login to default iSCSI targets...[2033]: 
ci-info: |   lo   |  True |          ::1/128           |       .       |  host |         .         |
[   94.398226] cloud-init[2033]: ci-info: +--------+-------+----------------------------+---------------+-------+-------------------+
[   94.828713] [cloud-init[0;32m  OK  [0m[2033]: ] ci-info: +++++++++++++++++++++++++++Route IPv4 info++++++++++++++++++++++++++++Started Seed the pseudo random number generator on first boot.

[[0;32m  OK  [0m] Started Login to default iSCSI targets.
[   95.085886] cloud-init[2033]: ci-info: +-------+-------------+----------+---------------+-----------+-------+
[[   95.304510] cloud-init[2033]: ci-info: | Route | Destination | Gateway  |    Genmask    | Interface | Flags |
[0;32m  OK  [0m] Reached target Remote File Systems (Pre).
[   95.305298] cloud-init[2033]: ci-info: +-------+-------------+----------+---------------+-----------+-------+
[   95.668829] cloud-init[2033]: ci-info: |   0   |   0.0.0.0   | 10.0.2.2 |    0.0.0.0    |   enp0s3  |   UG  |
[   95.669384] cloud-init[2033]: ci-info: |   1   |   10.0.2.0  | 0.0.0.0  | 255.255.255.0 |   enp0s3  |   U   |
[[0;32m  OK  [0m] Reached target Remote File Systems.
[   95.669687] cloud-init[2033]: ci-info: +-------+-------------+----------+---------------+-----------+-------+
[   96.172594] cloud-init[2033]: Generating public/private rsa key pair.
[   96.173066] cloud-init[2033]: Your identification has been saved in /etc/ssh/ssh_host_rsa_key.
         Starting LSB: automatic crash report generation...
[   96.173295] cloud-init[2033]: Your public key has been saved in /etc/ssh/ssh_host_rsa_key.pub.
[   96.600907] cloud-init[2033]: The key fingerprint is:
[   96.601253] cloud-init[2033]: SHA256:DCrZn9NFm3N8CcgoG8SXAyp7rc1yOTRQQq4T7+gISR4 root@ubuntu-xenial
         Starting LSB: daemon to balance interrupts for SMP systems...
[   96.601588] cloud-init[2033]: The key's randomart image is:
[   96.980731] cloud-init[2033]: +---[RSA 2048]----+
[   96.980915] cloud-init[2033]: |   .o.+. .       |
         Starting LSB: Set the CPU Frequency Scaling governor to "ondemand"...
[   96.981103] cloud-init[2033]: |   . =. +o .     |
[   97.364638] cloud-init[2033]: |  o + +...+ .    |
         Starting Permit User Sessions...
[   97.365315] cloud-init[2033]: |   O + * . + . . |
[[0;32m  OK  [0m] Stopped OpenBSD Secure Shell server.
[   97.504094] cloud-init[2033]: | E* = = S = o o  |
[   97.712661] cloud-init[2033]: |o..* * = . o .   |
[   97.712872] cloud-init[2033]: |o.. + X .        |
         Starting OpenBSD Secure Shell server...
[   97.713014] cloud-init[2033]: |.o   o o         |
[   97.992837] cloud-init[2033]: |. .              |
[   97.993303] cloud-init[2033]: +----[SHA256]-----+
[[0;32m  OK  [0m] Started OpenBSD Secure Shell server.
[   97.993581] cloud-init[2033]: Generating public/private dsa key pair.
[[0;32m  OK  [0m] Started Permit User Sessions.
[   98.315131] cloud-init[2033]: Your identification has been saved in /etc/ssh/ssh_host_dsa_key.
[[0;32m  OK  [0m[   98.576315] cloud-init[2033]: Your public key has been saved in /etc/ssh/ssh_host_dsa_key.pub.
[   98.576392] cloud-init[2033]: The key fingerprint is:
[   98.576459] cloud-init[2033]: SHA256:MXuAwkT6SsRzPt4qIX/rrUAMy8h1PPY+QjV887Bt1pg root@ubuntu-xenial
[   98.576520] cloud-init[2033]: The key's randomart image is:
[   98.576582] cloud-init[2033]: +---[DSA 1024]----+
[   98.576644] cloud-init[2033]: |   .o            |
[   98.576721] cloud-init[2033]: | . +. ..         |
[   98.576786] cloud-init[2033]: |. =.+=.+++       |
[   98.576849] cloud-init[2033]: |+=.=o.+ o=* +    |
[   98.576914] cloud-init[2033]: |oo+ +. .S..E .   |
[   98.576979] cloud-init[2033]: |.o.o.o.  .o      |
[   98.577112] cloud-init[2033]: | oo....o         |
[   98.577175] cloud-init[2033]: |  o..o. .        |
[   98.577233] cloud-init[2033]: |   +=o.          |
[   98.577291] cloud-init[2033]: +----[SHA256]-----+
[   98.577350] cloud-init[2033]: Generating public/private ecdsa key pair.
[   98.577413] cloud-init[2033]: Your identification has been saved in /etc/ssh/ssh_host_ecdsa_key.
[   98.577475] cloud-init[2033]: Your public key has been saved in /etc/ssh/ssh_host_ecdsa_key.pub.
[   98.577542] cloud-init[2033]: The key fingerprint is:
[   98.577603] cloud-init[2033]: SHA256:Uvy5CJofJNgt7e9Sdgdr1txkzdWIMx9t/UupD7aRNVk root@ubuntu-xenial
[   98.577667] cloud-init[2033]: The key's randomart image is:
[   98.577725] cloud-init[2033]: +---[ECDSA 256]---+
[   98.577789] cloud-init[2033]: |             . oo|
[   98.577848] cloud-init[2033]: |       .    + o E|
[   98.577905] cloud-init[2033]: |        o    + =*|
[   98.577969] cloud-init[2033]: |   o o . ...  +*+|
[   98.578035] cloud-init[2033]: |  . + * S o= += o|
[   98.578100] cloud-init[2033]: |     B oo.=.+*.. |
[   98.578162] cloud-init[2033]: |    o oo.+... =  |
[   98.578222] cloud-init[2033]: |     ..o     . . |
[   98.578286] cloud-init[2033]: |      .oo        |
[   98.578351] cloud-init[2033]: +----[SHA256]-----+
[   98.578410] cloud-init[2033]: Generating public/private ed25519 key pair.
[   98.578468] cloud-init[2033]: Your identification has been saved in /etc/ssh/ssh_host_ed25519_key.
[   98.578530] cloud-init[2033]: Your public key has been saved in /etc/ssh/ssh_host_ed25519_key.pub.
[   98.578591] cloud-init[2033]: The key fingerprint is:
[   98.578655] cloud-init[2033]: SHA256:QCjmWqcBZFqIUem6l3f0xQOo6UELKYKwvMs/3McdDJ0 root@ubuntu-xenial
[   98.578712] cloud-init[2033]: The key's randomart image is:
[   98.578776] cloud-init[2033]: +--[ED25519 256]--+
[   98.578841] cloud-init[2033]: |+*o. ..          |
[   98.578904] cloud-init[2033]: |B.+ ..           |
[   98.578966] cloud-init[2033]: |=* o  ... .      |
[   98.579027] cloud-init[2033]: |=.B o .o.E       |
[   98.579091] cloud-init[2033]: |.=.* +  So       |
[   98.579148] cloud-init[2033]: |o.. = .  o+      |
[   98.579206] cloud-init[2033]: |..oo.o......     |
[   98.579265] cloud-init[2033]: |.oooo..o..       |
[   98.579327] cloud-init[2033]: | ..o...          |
[   98.579387] cloud-init[2033]: +----[SHA256]-----+
[   98.581207] cloud-init[2126]: Generating locales (this might take a while)...
[   98.581361] cloud-init[2126]:   en_US.UTF-8... done
[   98.581508] cloud-init[2126]: Generation complete.
[   98.581650] cloud-init[2126]: Cloud-init v. 0.7.7 running 'modules:config' at Fri, 12 Aug 2016 00:50:49 +0000. Up 93.06 seconds.
] Started LSB: automatic crash report generation.
[[0;32m  OK  [0m] Started Apply the settings specified in cloud-config.
[[0;32m  OK  [0m] Started LSB: daemon to balance interrupts for SMP systems.
[[0;32m  OK  [0m] Started LSB: Set the CPU Frequency Scaling governor to "ondemand".
         Starting Execute cloud user/final scripts...
[[0;32m  OK  [0m] Created slice User Slice of ubuntu.
         Starting User Manager for UID 1000...
[[0;32m  OK  [0m] Started Session 1 of user ubuntu.
ci-info: no authorized ssh keys fingerprints found for user ubuntu.
         Starting Hold until boot process finishes up...
<14>Aug 12 00:51:00 ec2: 
<14>Aug 12 00:51:00 ec2: #############################################################
<14>Aug 12 00:51:00 ec2: -----BEGIN SSH HOST KEY FINGERPRINTS-----
<14>Aug 12 00:51:00 ec2: 1024 SHA256:MXuAwkT6SsRzPt4qIX/rrUAMy8h1PPY+QjV887Bt1pg root@ubuntu-xenial (DSA)
<14>Aug 12 00:51:00 ec2: 256 SHA256:Uvy5CJofJNgt7e9Sdgdr1txkzdWIMx9t/UupD7aRNVk root@ubuntu-xenial (ECDSA)
<14>Aug 12 00:51:00 ec2: 256 SHA256:QCjmWqcBZFqIUem6l3f0xQOo6UELKYKwvMs/3McdDJ0 root@ubuntu-xenial (ED25519)
<14>Aug 12 00:51:00 ec2: 2048 SHA256:DCrZn9NFm3N8CcgoG8SXAyp7rc1yOTRQQq4T7+gISR4 root@ubuntu-xenial (RSA)
<14>Aug 12 00:51:00 ec2: -----END SSH HOST KEY FINGERPRINTS-----
<14>Aug 12 00:51:00 ec2: #############################################################
-----BEGIN SSH HOST KEY KEYS-----
ecdsa-sha2-nistp256 AAAAE2VjZHNhLXNoYTItbmlzdHAyNTYAAAAIbmlzdHAyNTYAAABBBKizoI7kjm3uAzrIWS/AQgxs7jxhyUXgAg6jPGM4XG9rplpDkV1TeGZbxYx6NWR73kWgrG5tXFcnOK7jpSdtyok= root@ubuntu-xenial
ssh-ed25519 AAAAC3NzaC1lZDI1NTE5AAAAIGlMt25xNA9TUqPDfSUFjfMG4WqfCyP+8bKQFGYOjcQs root@ubuntu-xenial
ssh-rsa AAAAB3NzaC1yc2EAAAADAQABAAABAQDc3mjyJGXNeGwMVpdWOauP4UO5laZq19XvkTdrd0KJe/LTOw9fErTJHfceKliJ+VUMFhPEALDfOZu8AE3DwvxlSfwgSgqqmu2TebE/bR4juUkIoZUoGB9pIwliiywPvWz3udkVsR9g5UA5lZs0htmuXJbcuLfm7e5TfFGRf6YdudHEasCJHW7Zm3X5IJmg+Iz4cJEt4V/6nprDVCpbUzIWaYt/re0D7yaXsBJYstohgf6xng6/kzhd4iQ8ty6ton19piKqFJbOraZeUpUJIE7XIGZFKY74sWEQBEbFuT0FLF/eFOLTnAHZ21BJYBZGPn2jpjQbgReqkq66SV5TFA0J root@ubuntu-xenial
-----END SSH HOST KEY KEYS-----
         Starting Terminate Plymouth Boot Screen...
[  106.173950] cloud-init[2279]: Cloud-init v. 0.7.7 running 'modules:final' at Fri, 12 Aug 2016 00:51:00 +0000. Up 103.81 seconds.
[  106.465167] cloud-init[2279]: ci-info: no authorized ssh keys fingerprints found for user ubuntu.
[  106.465475] cloud-init[2279]: Cloud-init v. 0.7.7 finished at Fri, 12 Aug 2016 00:51:02 +0000. Datasource DataSourceNoCloud [seed=/dev/sdb][dsmode=net].  Up 106.16 seconds
[[0;32m  OK  [0m] Started User Manager for UID 1000.
[[0;32m  OK  [0m] Started Execute cloud user/final scripts.
[[0;32m  OK  [0m] Started Hold until boot process finishes up.
[[0;32m  OK  [0m] Started Terminate Plymouth Boot Screen.
[[0;32m  OK  [0m] Started Session 2 of user ubuntu.
[[0;32m  OK  [0m] Started Serial Getty on ttyS0.
[[0;32m  OK  [0m] Started Getty on tty1.
[[0;32m  OK  [0m] Reached target Login Prompts.
         Starting Set console scheme...
[[0;32m  OK  [0m] Reached target Cloud-init target.
[[0;32m  OK  [0m] Reached target Multi-User System.
[[0;32m  OK  [0m] Reached target Graphical Interface.
         Starting Update UTMP about System Runlevel Changes...
[[0;32m  OK  [0m] Started Set console scheme.
[[0;32m  OK  [0m] Started Update UTMP about System Runlevel Changes.

Ubuntu 16.04.1 LTS ubuntu-xenial ttyS0

ubuntu-xenial login: 